2022-07-20 11:47:34.603  INFO [doctors-service,,] 1272926 --- [main] b.c.c.m.doctor.StartDoctorsServiceTests  : Starting StartDoctorsServiceTests using Java 15.0.2 on localhost.localdomain with PID 1272926 (started by angelo.vicente in /home/angelo.vicente/outworld5/clients/particular/curso-medical-center/medical-doctors-service)
2022-07-20 11:47:34.604  INFO [doctors-service,,] 1272926 --- [main] b.c.c.m.doctor.StartDoctorsServiceTests  : The following 1 profile is active: "dev"
2022-07-20 11:47:34.630  INFO [doctors-service,,] 1272926 --- [main] o.s.c.c.c.ConfigServerConfigDataLoader   : Fetching config from server at : http://localhost:8888
2022-07-20 11:47:34.630  INFO [doctors-service,,] 1272926 --- [main] o.s.c.c.c.ConfigServerConfigDataLoader   : Located environment: name=doctors-service, profiles=[dev], label=null, version=b091992ed16e2798014edfb3c01add12ae1b9369, state=null
2022-07-20 11:47:35.394  INFO [doctors-service,,] 1272926 --- [main] .s.d.r.c.RepositoryConfigurationDelegate : Bootstrapping Spring Data JPA repositories in DEFAULT mode.
2022-07-20 11:47:35.508  INFO [doctors-service,,] 1272926 --- [main] .s.d.r.c.RepositoryConfigurationDelegate : Finished Spring Data repository scanning in 107 ms. Found 2 JPA repository interfaces.
2022-07-20 11:47:35.842  INFO [doctors-service,,] 1272926 --- [main] o.s.cloud.context.scope.GenericScope     : BeanFactory id=99344881-d40d-3d57-9808-1e0712a9165a
2022-07-20 11:47:36.293  INFO [doctors-service,,] 1272926 --- [main] com.zaxxer.hikari.HikariDataSource       : HikariPool-1 - Starting...
2022-07-20 11:47:36.429  INFO [doctors-service,,] 1272926 --- [main] com.zaxxer.hikari.HikariDataSource       : HikariPool-1 - Start completed.
2022-07-20 11:47:36.579  INFO [doctors-service,,] 1272926 --- [main] o.hibernate.jpa.internal.util.LogHelper  : HHH000204: Processing PersistenceUnitInfo [name: default]
2022-07-20 11:47:36.621  INFO [doctors-service,,] 1272926 --- [main] org.hibernate.Version                    : HHH000412: Hibernate ORM core version 5.6.9.Final
2022-07-20 11:47:36.754  INFO [doctors-service,,] 1272926 --- [main] o.hibernate.annotations.common.Version   : HCANN000001: Hibernate Commons Annotations {5.1.2.Final}
2022-07-20 11:47:36.841  INFO [doctors-service,,] 1272926 --- [main] org.hibernate.dialect.Dialect            : HHH000400: Using dialect: org.hibernate.dialect.H2Dialect
2022-07-20 11:47:37.278  INFO [doctors-service,,] 1272926 --- [main] o.h.e.t.j.p.i.JtaPlatformInitiator       : HHH000490: Using JtaPlatform implementation: [org.hibernate.engine.transaction.jta.platform.internal.NoJtaPlatform]
2022-07-20 11:47:37.293  INFO [doctors-service,,] 1272926 --- [main] j.LocalContainerEntityManagerFactoryBean : Initialized JPA EntityManagerFactory for persistence unit 'default'
2022-07-20 11:47:37.988  WARN [doctors-service,,] 1272926 --- [main] JpaBaseConfiguration$JpaWebConfiguration : spring.jpa.open-in-view is enabled by default. Therefore, database queries may be performed during view rendering. Explicitly configure spring.jpa.open-in-view to disable this warning
2022-07-20 11:47:38.505  INFO [doctors-service,,] 1272926 --- [main] o.s.b.a.h2.H2ConsoleAutoConfiguration    : H2 console available at '/h2-console'. Database available at 'jdbc:h2:mem:doctorsdb'
2022-07-20 11:47:39.406  INFO [doctors-service,,] 1272926 --- [main] DiscoveryClientOptionalArgsConfiguration : Eureka HTTP Client uses RestTemplate.
2022-07-20 11:47:39.802  WARN [doctors-service,,] 1272926 --- [main] iguration$LoadBalancerCaffeineWarnLogger : Spring Cloud LoadBalancer is currently working with the default cache. While this cache implementation is useful for development and tests, it's recommended to use Caffeine cache in production.You can switch to using Caffeine cache, by adding it and org.springframework.cache.caffeine.CaffeineCacheManager to the classpath.
2022-07-20 11:47:39.871  INFO [doctors-service,,] 1272926 --- [main] o.s.b.a.e.web.EndpointLinksResolver      : Exposing 18 endpoint(s) beneath base path '/actuator'
2022-07-20 11:47:39.953  INFO [doctors-service,,] 1272926 --- [main] b.c.c.m.doctor.StartDoctorsServiceTests  : Started StartDoctorsServiceTests in 6.358 seconds (JVM running for 7.098)
2022-07-20 11:47:40.079  INFO [doctors-service,,] 1272926 --- [main] b.c.c.m.d.i.ApplicationAfterReload       : =====================================
2022-07-20 11:47:40.079  INFO [doctors-service,,] 1272926 --- [main] b.c.c.m.d.i.ApplicationAfterReload       : == Running: 'Doctors Development' ==
2022-07-20 11:47:40.079  INFO [doctors-service,,] 1272926 --- [main] b.c.c.m.d.i.ApplicationAfterReload       : =====================================
2022-07-20 11:47:40.350  INFO [doctors-service,,] 1272926 --- [Thread-3] o.s.c.s.a.z.ZipkinAutoConfiguration      : Flushing remaining spans on shutdown
2022-07-20 11:47:40.353  INFO [doctors-service,,] 1272926 --- [SpringApplicationShutdownHook] o.s.c.n.eureka.InstanceInfoFactory       : Setting initial instance status as: STARTING
2022-07-20 11:47:40.359  INFO [doctors-service,,] 1272926 --- [SpringApplicationShutdownHook] o.s.c.n.e.s.EurekaServiceRegistry        : Unregistering application DOCTORS-SERVICE with eureka with status DOWN
2022-07-20 11:47:41.374  INFO [doctors-service,,] 1272926 --- [SpringApplicationShutdownHook] j.LocalContainerEntityManagerFactoryBean : Closing JPA EntityManagerFactory for persistence unit 'default'
2022-07-20 11:47:41.375  INFO [doctors-service,,] 1272926 --- [SpringApplicationShutdownHook] com.zaxxer.hikari.HikariDataSource       : HikariPool-1 - Shutdown initiated...
2022-07-20 11:47:41.377  INFO [doctors-service,,] 1272926 --- [SpringApplicationShutdownHook] com.zaxxer.hikari.HikariDataSource       : HikariPool-1 - Shutdown completed.
2022-07-20 11:50:06.483  INFO [doctors-service,,] 1274572 --- [main] b.c.c.m.doctor.StartDoctorsServiceTests  : Starting StartDoctorsServiceTests using Java 15.0.2 on localhost.localdomain with PID 1274572 (started by angelo.vicente in /home/angelo.vicente/outworld5/clients/particular/curso-medical-center/medical-doctors-service)
2022-07-20 11:50:06.486  INFO [doctors-service,,] 1274572 --- [main] b.c.c.m.doctor.StartDoctorsServiceTests  : The following 1 profile is active: "dev"
2022-07-20 11:50:06.508  INFO [doctors-service,,] 1274572 --- [main] o.s.c.c.c.ConfigServerConfigDataLoader   : Fetching config from server at : http://localhost:8888
2022-07-20 11:50:06.508  INFO [doctors-service,,] 1274572 --- [main] o.s.c.c.c.ConfigServerConfigDataLoader   : Located environment: name=doctors-service, profiles=[dev], label=null, version=b091992ed16e2798014edfb3c01add12ae1b9369, state=null
2022-07-20 11:50:07.272  INFO [doctors-service,,] 1274572 --- [main] .s.d.r.c.RepositoryConfigurationDelegate : Bootstrapping Spring Data JPA repositories in DEFAULT mode.
2022-07-20 11:50:07.373  INFO [doctors-service,,] 1274572 --- [main] .s.d.r.c.RepositoryConfigurationDelegate : Finished Spring Data repository scanning in 95 ms. Found 2 JPA repository interfaces.
2022-07-20 11:50:07.701  INFO [doctors-service,,] 1274572 --- [main] o.s.cloud.context.scope.GenericScope     : BeanFactory id=99344881-d40d-3d57-9808-1e0712a9165a
2022-07-20 11:50:08.161  INFO [doctors-service,,] 1274572 --- [main] com.zaxxer.hikari.HikariDataSource       : HikariPool-1 - Starting...
2022-07-20 11:50:08.291  INFO [doctors-service,,] 1274572 --- [main] com.zaxxer.hikari.HikariDataSource       : HikariPool-1 - Start completed.
2022-07-20 11:50:08.430  INFO [doctors-service,,] 1274572 --- [main] o.hibernate.jpa.internal.util.LogHelper  : HHH000204: Processing PersistenceUnitInfo [name: default]
2022-07-20 11:50:08.479  INFO [doctors-service,,] 1274572 --- [main] org.hibernate.Version                    : HHH000412: Hibernate ORM core version 5.6.9.Final
2022-07-20 11:50:08.580  INFO [doctors-service,,] 1274572 --- [main] o.hibernate.annotations.common.Version   : HCANN000001: Hibernate Commons Annotations {5.1.2.Final}
2022-07-20 11:50:08.665  INFO [doctors-service,,] 1274572 --- [main] org.hibernate.dialect.Dialect            : HHH000400: Using dialect: org.hibernate.dialect.H2Dialect
2022-07-20 11:50:09.036  INFO [doctors-service,,] 1274572 --- [main] o.h.e.t.j.p.i.JtaPlatformInitiator       : HHH000490: Using JtaPlatform implementation: [org.hibernate.engine.transaction.jta.platform.internal.NoJtaPlatform]
2022-07-20 11:50:09.042  INFO [doctors-service,,] 1274572 --- [main] j.LocalContainerEntityManagerFactoryBean : Initialized JPA EntityManagerFactory for persistence unit 'default'
2022-07-20 11:50:09.716  WARN [doctors-service,,] 1274572 --- [main] JpaBaseConfiguration$JpaWebConfiguration : spring.jpa.open-in-view is enabled by default. Therefore, database queries may be performed during view rendering. Explicitly configure spring.jpa.open-in-view to disable this warning
2022-07-20 11:50:10.216  INFO [doctors-service,,] 1274572 --- [main] o.s.b.a.h2.H2ConsoleAutoConfiguration    : H2 console available at '/h2-console'. Database available at 'jdbc:h2:mem:doctorsdb'
2022-07-20 11:50:11.049  INFO [doctors-service,,] 1274572 --- [main] DiscoveryClientOptionalArgsConfiguration : Eureka HTTP Client uses RestTemplate.
2022-07-20 11:50:11.474  WARN [doctors-service,,] 1274572 --- [main] iguration$LoadBalancerCaffeineWarnLogger : Spring Cloud LoadBalancer is currently working with the default cache. While this cache implementation is useful for development and tests, it's recommended to use Caffeine cache in production.You can switch to using Caffeine cache, by adding it and org.springframework.cache.caffeine.CaffeineCacheManager to the classpath.
2022-07-20 11:50:11.540  INFO [doctors-service,,] 1274572 --- [main] o.s.b.a.e.web.EndpointLinksResolver      : Exposing 18 endpoint(s) beneath base path '/actuator'
2022-07-20 11:50:11.613  INFO [doctors-service,,] 1274572 --- [main] b.c.c.m.doctor.StartDoctorsServiceTests  : Started StartDoctorsServiceTests in 6.13 seconds (JVM running for 6.828)
2022-07-20 11:50:11.651  INFO [doctors-service,,] 1274572 --- [main] b.c.c.m.d.i.ApplicationAfterReload       : =====================================
2022-07-20 11:50:11.652  INFO [doctors-service,,] 1274572 --- [main] b.c.c.m.d.i.ApplicationAfterReload       : == Running: 'Doctors Development' ==
2022-07-20 11:50:11.652  INFO [doctors-service,,] 1274572 --- [main] b.c.c.m.d.i.ApplicationAfterReload       : =====================================
2022-07-20 11:50:11.814  INFO [doctors-service,,] 1274572 --- [Thread-3] o.s.c.s.a.z.ZipkinAutoConfiguration      : Flushing remaining spans on shutdown
2022-07-20 11:50:11.819  INFO [doctors-service,,] 1274572 --- [SpringApplicationShutdownHook] o.s.c.n.eureka.InstanceInfoFactory       : Setting initial instance status as: STARTING
2022-07-20 11:50:11.823  INFO [doctors-service,,] 1274572 --- [SpringApplicationShutdownHook] o.s.c.n.e.s.EurekaServiceRegistry        : Unregistering application DOCTORS-SERVICE with eureka with status DOWN
2022-07-20 11:50:12.836  INFO [doctors-service,,] 1274572 --- [SpringApplicationShutdownHook] j.LocalContainerEntityManagerFactoryBean : Closing JPA EntityManagerFactory for persistence unit 'default'
2022-07-20 11:50:12.838  INFO [doctors-service,,] 1274572 --- [SpringApplicationShutdownHook] com.zaxxer.hikari.HikariDataSource       : HikariPool-1 - Shutdown initiated...
2022-07-20 11:50:12.846  INFO [doctors-service,,] 1274572 --- [SpringApplicationShutdownHook] com.zaxxer.hikari.HikariDataSource       : HikariPool-1 - Shutdown completed.
