2022-07-20 11:50:55.342  INFO [scheduling-service,,] 1275388 --- [main] b.c.c.m.s.StartSchedulingServiceTests    : Starting StartSchedulingServiceTests using Java 15.0.2 on localhost.localdomain with PID 1275388 (started by angelo.vicente in /home/angelo.vicente/outworld5/clients/particular/curso-medical-center/medical-scheduling-service)
2022-07-20 11:50:55.343  INFO [scheduling-service,,] 1275388 --- [main] b.c.c.m.s.StartSchedulingServiceTests    : No active profile set, falling back to 1 default profile: "default"
2022-07-20 11:50:55.368  INFO [scheduling-service,,] 1275388 --- [main] o.s.c.c.c.ConfigServerConfigDataLoader   : Fetching config from server at : http://localhost:8888
2022-07-20 11:50:55.368  INFO [scheduling-service,,] 1275388 --- [main] o.s.c.c.c.ConfigServerConfigDataLoader   : Located environment: name=scheduling-service, profiles=[default], label=null, version=b091992ed16e2798014edfb3c01add12ae1b9369, state=null
2022-07-20 11:50:56.125  INFO [scheduling-service,,] 1275388 --- [main] .s.d.r.c.RepositoryConfigurationDelegate : Bootstrapping Spring Data JPA repositories in DEFAULT mode.
2022-07-20 11:50:56.229  INFO [scheduling-service,,] 1275388 --- [main] .s.d.r.c.RepositoryConfigurationDelegate : Finished Spring Data repository scanning in 98 ms. Found 1 JPA repository interfaces.
2022-07-20 11:50:56.568  INFO [scheduling-service,,] 1275388 --- [main] o.s.cloud.context.scope.GenericScope     : BeanFactory id=d642aba8-9acc-3fff-82ae-f14df4a5ef63
2022-07-20 11:50:56.981  INFO [scheduling-service,,] 1275388 --- [main] com.zaxxer.hikari.HikariDataSource       : HikariPool-1 - Starting...
2022-07-20 11:50:57.442  INFO [scheduling-service,,] 1275388 --- [main] com.zaxxer.hikari.HikariDataSource       : HikariPool-1 - Start completed.
2022-07-20 11:50:57.800  INFO [scheduling-service,,] 1275388 --- [main] o.hibernate.jpa.internal.util.LogHelper  : HHH000204: Processing PersistenceUnitInfo [name: default]
2022-07-20 11:50:57.830  INFO [scheduling-service,,] 1275388 --- [main] org.hibernate.Version                    : HHH000412: Hibernate ORM core version 5.6.9.Final
2022-07-20 11:50:57.933  INFO [scheduling-service,,] 1275388 --- [main] o.hibernate.annotations.common.Version   : HCANN000001: Hibernate Commons Annotations {5.1.2.Final}
2022-07-20 11:50:58.030  INFO [scheduling-service,,] 1275388 --- [main] org.hibernate.dialect.Dialect            : HHH000400: Using dialect: org.hibernate.dialect.MySQL57Dialect
2022-07-20 11:50:58.423  INFO [scheduling-service,,] 1275388 --- [main] o.h.e.t.j.p.i.JtaPlatformInitiator       : HHH000490: Using JtaPlatform implementation: [org.hibernate.engine.transaction.jta.platform.internal.NoJtaPlatform]
2022-07-20 11:50:58.429  INFO [scheduling-service,,] 1275388 --- [main] j.LocalContainerEntityManagerFactoryBean : Initialized JPA EntityManagerFactory for persistence unit 'default'
2022-07-20 11:50:58.917  WARN [scheduling-service,,] 1275388 --- [main] JpaBaseConfiguration$JpaWebConfiguration : spring.jpa.open-in-view is enabled by default. Therefore, database queries may be performed during view rendering. Explicitly configure spring.jpa.open-in-view to disable this warning
2022-07-20 11:50:59.370  INFO [scheduling-service,,] 1275388 --- [main] o.s.c.openfeign.FeignClientFactoryBean   : For 'doctors-service' URL not provided. Will try picking an instance via load-balancing.
2022-07-20 11:50:59.438  INFO [scheduling-service,,] 1275388 --- [main] o.s.c.openfeign.FeignClientFactoryBean   : For 'patients-service' URL not provided. Will try picking an instance via load-balancing.
2022-07-20 11:51:00.576  INFO [scheduling-service,,] 1275388 --- [main] DiscoveryClientOptionalArgsConfiguration : Eureka HTTP Client uses RestTemplate.
2022-07-20 11:51:00.926  WARN [scheduling-service,,] 1275388 --- [main] iguration$LoadBalancerCaffeineWarnLogger : Spring Cloud LoadBalancer is currently working with the default cache. While this cache implementation is useful for development and tests, it's recommended to use Caffeine cache in production.You can switch to using Caffeine cache, by adding it and org.springframework.cache.caffeine.CaffeineCacheManager to the classpath.
2022-07-20 11:51:01.011  INFO [scheduling-service,,] 1275388 --- [main] o.s.b.a.e.web.EndpointLinksResolver      : Exposing 18 endpoint(s) beneath base path '/actuator'
2022-07-20 11:51:01.086  INFO [scheduling-service,,] 1275388 --- [main] b.c.c.m.s.StartSchedulingServiceTests    : Started StartSchedulingServiceTests in 6.73 seconds (JVM running for 7.514)
2022-07-20 11:51:01.121  INFO [scheduling-service,,] 1275388 --- [main] b.c.c.m.s.i.ApplicationAfterReload       : =====================================
2022-07-20 11:51:01.121  INFO [scheduling-service,,] 1275388 --- [main] b.c.c.m.s.i.ApplicationAfterReload       : == Running: 'Scheduling Production' ==
2022-07-20 11:51:01.121  INFO [scheduling-service,,] 1275388 --- [main] b.c.c.m.s.i.ApplicationAfterReload       : =====================================
2022-07-20 11:51:01.261  INFO [scheduling-service,,] 1275388 --- [Thread-3] o.s.c.s.a.z.ZipkinAutoConfiguration      : Flushing remaining spans on shutdown
2022-07-20 11:51:01.266  INFO [scheduling-service,,] 1275388 --- [SpringApplicationShutdownHook] o.s.c.n.eureka.InstanceInfoFactory       : Setting initial instance status as: STARTING
2022-07-20 11:51:01.269  INFO [scheduling-service,,] 1275388 --- [SpringApplicationShutdownHook] o.s.c.n.e.s.EurekaServiceRegistry        : Unregistering application SCHEDULING-SERVICE with eureka with status DOWN
2022-07-20 11:51:02.282  INFO [scheduling-service,,] 1275388 --- [SpringApplicationShutdownHook] j.LocalContainerEntityManagerFactoryBean : Closing JPA EntityManagerFactory for persistence unit 'default'
2022-07-20 11:51:02.284  INFO [scheduling-service,,] 1275388 --- [SpringApplicationShutdownHook] com.zaxxer.hikari.HikariDataSource       : HikariPool-1 - Shutdown initiated...
2022-07-20 11:51:02.290  INFO [scheduling-service,,] 1275388 --- [SpringApplicationShutdownHook] com.zaxxer.hikari.HikariDataSource       : HikariPool-1 - Shutdown completed.
