2022-07-20 11:47:47.083  INFO [patients-service,,] 1273130 --- [main] b.c.c.m.p.StartPatientServiceTests       : Starting StartPatientServiceTests using Java 15.0.2 on localhost.localdomain with PID 1273130 (started by angelo.vicente in /home/angelo.vicente/outworld5/clients/particular/curso-medical-center/medical-patients-service)
2022-07-20 11:47:47.084  INFO [patients-service,,] 1273130 --- [main] b.c.c.m.p.StartPatientServiceTests       : The following 1 profile is active: "dev"
2022-07-20 11:47:47.105  INFO [patients-service,,] 1273130 --- [main] o.s.c.c.c.ConfigServerConfigDataLoader   : Fetching config from server at : http://localhost:8888
2022-07-20 11:47:47.105  INFO [patients-service,,] 1273130 --- [main] o.s.c.c.c.ConfigServerConfigDataLoader   : Located environment: name=patients-service, profiles=[dev], label=null, version=b091992ed16e2798014edfb3c01add12ae1b9369, state=null
2022-07-20 11:47:47.868  INFO [patients-service,,] 1273130 --- [main] .s.d.r.c.RepositoryConfigurationDelegate : Bootstrapping Spring Data JPA repositories in DEFAULT mode.
2022-07-20 11:47:47.969  INFO [patients-service,,] 1273130 --- [main] .s.d.r.c.RepositoryConfigurationDelegate : Finished Spring Data repository scanning in 93 ms. Found 1 JPA repository interfaces.
2022-07-20 11:47:48.295  INFO [patients-service,,] 1273130 --- [main] o.s.cloud.context.scope.GenericScope     : BeanFactory id=cea3b5b3-2f44-39fb-91f8-dcec64996ad7
2022-07-20 11:47:48.732  INFO [patients-service,,] 1273130 --- [main] com.zaxxer.hikari.HikariDataSource       : HikariPool-1 - Starting...
2022-07-20 11:47:48.881  INFO [patients-service,,] 1273130 --- [main] com.zaxxer.hikari.HikariDataSource       : HikariPool-1 - Start completed.
2022-07-20 11:47:49.018  INFO [patients-service,,] 1273130 --- [main] o.hibernate.jpa.internal.util.LogHelper  : HHH000204: Processing PersistenceUnitInfo [name: default]
2022-07-20 11:47:49.053  INFO [patients-service,,] 1273130 --- [main] org.hibernate.Version                    : HHH000412: Hibernate ORM core version 5.6.9.Final
2022-07-20 11:47:49.170  INFO [patients-service,,] 1273130 --- [main] o.hibernate.annotations.common.Version   : HCANN000001: Hibernate Commons Annotations {5.1.2.Final}
2022-07-20 11:47:49.251  INFO [patients-service,,] 1273130 --- [main] org.hibernate.dialect.Dialect            : HHH000400: Using dialect: org.hibernate.dialect.H2Dialect
2022-07-20 11:47:49.632  INFO [patients-service,,] 1273130 --- [main] o.h.e.t.j.p.i.JtaPlatformInitiator       : HHH000490: Using JtaPlatform implementation: [org.hibernate.engine.transaction.jta.platform.internal.NoJtaPlatform]
2022-07-20 11:47:49.638  INFO [patients-service,,] 1273130 --- [main] j.LocalContainerEntityManagerFactoryBean : Initialized JPA EntityManagerFactory for persistence unit 'default'
2022-07-20 11:47:50.239  WARN [patients-service,,] 1273130 --- [main] JpaBaseConfiguration$JpaWebConfiguration : spring.jpa.open-in-view is enabled by default. Therefore, database queries may be performed during view rendering. Explicitly configure spring.jpa.open-in-view to disable this warning
2022-07-20 11:47:50.692  INFO [patients-service,,] 1273130 --- [main] o.s.b.a.h2.H2ConsoleAutoConfiguration    : H2 console available at '/h2-console'. Database available at 'jdbc:h2:mem:patientsdb'
2022-07-20 11:47:51.533  INFO [patients-service,,] 1273130 --- [main] DiscoveryClientOptionalArgsConfiguration : Eureka HTTP Client uses RestTemplate.
2022-07-20 11:47:51.934  WARN [patients-service,,] 1273130 --- [main] iguration$LoadBalancerCaffeineWarnLogger : Spring Cloud LoadBalancer is currently working with the default cache. While this cache implementation is useful for development and tests, it's recommended to use Caffeine cache in production.You can switch to using Caffeine cache, by adding it and org.springframework.cache.caffeine.CaffeineCacheManager to the classpath.
2022-07-20 11:47:52.021  INFO [patients-service,,] 1273130 --- [main] o.s.b.a.e.web.EndpointLinksResolver      : Exposing 18 endpoint(s) beneath base path '/actuator'
2022-07-20 11:47:52.100  INFO [patients-service,,] 1273130 --- [main] b.c.c.m.p.StartPatientServiceTests       : Started StartPatientServiceTests in 6.069 seconds (JVM running for 6.794)
2022-07-20 11:47:52.141  INFO [patients-service,,] 1273130 --- [main] b.c.c.m.p.i.ApplicationAfterReload       : =====================================
2022-07-20 11:47:52.142  INFO [patients-service,,] 1273130 --- [main] b.c.c.m.p.i.ApplicationAfterReload       : == Running: 'Patients Development' ==
2022-07-20 11:47:52.142  INFO [patients-service,,] 1273130 --- [main] b.c.c.m.p.i.ApplicationAfterReload       : =====================================
2022-07-20 11:47:52.290  INFO [patients-service,,] 1273130 --- [Thread-3] o.s.c.s.a.z.ZipkinAutoConfiguration      : Flushing remaining spans on shutdown
2022-07-20 11:47:52.296  INFO [patients-service,,] 1273130 --- [SpringApplicationShutdownHook] o.s.c.n.eureka.InstanceInfoFactory       : Setting initial instance status as: STARTING
2022-07-20 11:47:52.300  INFO [patients-service,,] 1273130 --- [SpringApplicationShutdownHook] o.s.c.n.e.s.EurekaServiceRegistry        : Unregistering application PATIENTS-SERVICE with eureka with status DOWN
2022-07-20 11:47:53.310  INFO [patients-service,,] 1273130 --- [SpringApplicationShutdownHook] j.LocalContainerEntityManagerFactoryBean : Closing JPA EntityManagerFactory for persistence unit 'default'
2022-07-20 11:47:53.312  INFO [patients-service,,] 1273130 --- [SpringApplicationShutdownHook] com.zaxxer.hikari.HikariDataSource       : HikariPool-1 - Shutdown initiated...
2022-07-20 11:47:53.313  INFO [patients-service,,] 1273130 --- [SpringApplicationShutdownHook] com.zaxxer.hikari.HikariDataSource       : HikariPool-1 - Shutdown completed.
2022-07-20 11:50:18.127  INFO [patients-service,,] 1274763 --- [main] b.c.c.m.p.StartPatientServiceTests       : Starting StartPatientServiceTests using Java 15.0.2 on localhost.localdomain with PID 1274763 (started by angelo.vicente in /home/angelo.vicente/outworld5/clients/particular/curso-medical-center/medical-patients-service)
2022-07-20 11:50:18.130  INFO [patients-service,,] 1274763 --- [main] b.c.c.m.p.StartPatientServiceTests       : The following 1 profile is active: "dev"
2022-07-20 11:50:18.156  INFO [patients-service,,] 1274763 --- [main] o.s.c.c.c.ConfigServerConfigDataLoader   : Fetching config from server at : http://localhost:8888
2022-07-20 11:50:18.157  INFO [patients-service,,] 1274763 --- [main] o.s.c.c.c.ConfigServerConfigDataLoader   : Located environment: name=patients-service, profiles=[dev], label=null, version=b091992ed16e2798014edfb3c01add12ae1b9369, state=null
2022-07-20 11:50:18.986  INFO [patients-service,,] 1274763 --- [main] .s.d.r.c.RepositoryConfigurationDelegate : Bootstrapping Spring Data JPA repositories in DEFAULT mode.
2022-07-20 11:50:19.092  INFO [patients-service,,] 1274763 --- [main] .s.d.r.c.RepositoryConfigurationDelegate : Finished Spring Data repository scanning in 100 ms. Found 1 JPA repository interfaces.
2022-07-20 11:50:19.473  INFO [patients-service,,] 1274763 --- [main] o.s.cloud.context.scope.GenericScope     : BeanFactory id=cea3b5b3-2f44-39fb-91f8-dcec64996ad7
2022-07-20 11:50:19.979  INFO [patients-service,,] 1274763 --- [main] com.zaxxer.hikari.HikariDataSource       : HikariPool-1 - Starting...
2022-07-20 11:50:20.143  INFO [patients-service,,] 1274763 --- [main] com.zaxxer.hikari.HikariDataSource       : HikariPool-1 - Start completed.
2022-07-20 11:50:20.313  INFO [patients-service,,] 1274763 --- [main] o.hibernate.jpa.internal.util.LogHelper  : HHH000204: Processing PersistenceUnitInfo [name: default]
2022-07-20 11:50:20.349  INFO [patients-service,,] 1274763 --- [main] org.hibernate.Version                    : HHH000412: Hibernate ORM core version 5.6.9.Final
2022-07-20 11:50:20.469  INFO [patients-service,,] 1274763 --- [main] o.hibernate.annotations.common.Version   : HCANN000001: Hibernate Commons Annotations {5.1.2.Final}
2022-07-20 11:50:20.555  INFO [patients-service,,] 1274763 --- [main] org.hibernate.dialect.Dialect            : HHH000400: Using dialect: org.hibernate.dialect.H2Dialect
2022-07-20 11:50:20.962  INFO [patients-service,,] 1274763 --- [main] o.h.e.t.j.p.i.JtaPlatformInitiator       : HHH000490: Using JtaPlatform implementation: [org.hibernate.engine.transaction.jta.platform.internal.NoJtaPlatform]
2022-07-20 11:50:20.970  INFO [patients-service,,] 1274763 --- [main] j.LocalContainerEntityManagerFactoryBean : Initialized JPA EntityManagerFactory for persistence unit 'default'
2022-07-20 11:50:21.669  WARN [patients-service,,] 1274763 --- [main] JpaBaseConfiguration$JpaWebConfiguration : spring.jpa.open-in-view is enabled by default. Therefore, database queries may be performed during view rendering. Explicitly configure spring.jpa.open-in-view to disable this warning
2022-07-20 11:50:22.283  INFO [patients-service,,] 1274763 --- [main] o.s.b.a.h2.H2ConsoleAutoConfiguration    : H2 console available at '/h2-console'. Database available at 'jdbc:h2:mem:patientsdb'
2022-07-20 11:50:23.296  INFO [patients-service,,] 1274763 --- [main] DiscoveryClientOptionalArgsConfiguration : Eureka HTTP Client uses RestTemplate.
2022-07-20 11:50:23.770  WARN [patients-service,,] 1274763 --- [main] iguration$LoadBalancerCaffeineWarnLogger : Spring Cloud LoadBalancer is currently working with the default cache. While this cache implementation is useful for development and tests, it's recommended to use Caffeine cache in production.You can switch to using Caffeine cache, by adding it and org.springframework.cache.caffeine.CaffeineCacheManager to the classpath.
2022-07-20 11:50:23.853  INFO [patients-service,,] 1274763 --- [main] o.s.b.a.e.web.EndpointLinksResolver      : Exposing 18 endpoint(s) beneath base path '/actuator'
2022-07-20 11:50:23.964  INFO [patients-service,,] 1274763 --- [main] b.c.c.m.p.StartPatientServiceTests       : Started StartPatientServiceTests in 6.908 seconds (JVM running for 7.657)
2022-07-20 11:50:24.013  INFO [patients-service,,] 1274763 --- [main] b.c.c.m.p.i.ApplicationAfterReload       : =====================================
2022-07-20 11:50:24.013  INFO [patients-service,,] 1274763 --- [main] b.c.c.m.p.i.ApplicationAfterReload       : == Running: 'Patients Development' ==
2022-07-20 11:50:24.013  INFO [patients-service,,] 1274763 --- [main] b.c.c.m.p.i.ApplicationAfterReload       : =====================================
2022-07-20 11:50:24.195  INFO [patients-service,,] 1274763 --- [Thread-3] o.s.c.s.a.z.ZipkinAutoConfiguration      : Flushing remaining spans on shutdown
2022-07-20 11:50:24.201  INFO [patients-service,,] 1274763 --- [SpringApplicationShutdownHook] o.s.c.n.eureka.InstanceInfoFactory       : Setting initial instance status as: STARTING
2022-07-20 11:50:24.207  INFO [patients-service,,] 1274763 --- [SpringApplicationShutdownHook] o.s.c.n.e.s.EurekaServiceRegistry        : Unregistering application PATIENTS-SERVICE with eureka with status DOWN
2022-07-20 11:50:25.217  INFO [patients-service,,] 1274763 --- [SpringApplicationShutdownHook] j.LocalContainerEntityManagerFactoryBean : Closing JPA EntityManagerFactory for persistence unit 'default'
2022-07-20 11:50:25.218  INFO [patients-service,,] 1274763 --- [SpringApplicationShutdownHook] com.zaxxer.hikari.HikariDataSource       : HikariPool-1 - Shutdown initiated...
2022-07-20 11:50:25.220  INFO [patients-service,,] 1274763 --- [SpringApplicationShutdownHook] com.zaxxer.hikari.HikariDataSource       : HikariPool-1 - Shutdown completed.
